<?xml version="1.0" encoding="UTF-8"?>
<!-- Generated by org.testng.reporters.JUnitReportReporter -->
<testsuite hostname="L-270331" failures="0" tests="2" name="RoyalCaninTestClass.RecruitNewPetParentTest" time="2.219" errors="0" timestamp="2024-05-11T13:25:26 IST" skipped="0">
  <testcase classname="RoyalCaninTestClass.RecruitNewPetParentTest" name="Log_Out" time="2.216"/>
  <system-out/>
  <testcase classname="RoyalCaninTestClass.RecruitNewPetParentTest" name="LoginPage" time="0.003"/>
  <system-out/>
</testsuite> <!-- RoyalCaninTestClass.RecruitNewPetParentTest -->
