<?xml version="1.0" encoding="UTF-8"?>
<!-- Generated by org.testng.reporters.JUnitReportReporter -->
<testsuite hostname="L-270331" failures="0" tests="15" name="RoyalCaninTestClass.loginTest" time="151.235" errors="0" timestamp="2024-05-07T13:01:34 IST" skipped="0">
  <testcase classname="RoyalCaninTestClass.loginTest" name="mobileNumber" time="10.000"/>
  <system-out/>
  <testcase classname="RoyalCaninTestClass.loginTest" name="mobileNumber" time="11.829"/>
  <system-out/>
  <testcase classname="RoyalCaninTestClass.loginTest" name="mobileNumber" time="11.701"/>
  <system-out/>
  <testcase classname="RoyalCaninTestClass.loginTest" name="mobileNumber" time="13.808"/>
  <system-out/>
  <testcase classname="RoyalCaninTestClass.loginTest" name="mobileNumber" time="14.766"/>
  <system-out/>
  <testcase classname="RoyalCaninTestClass.loginTest" name="mobileNumber" time="9.958"/>
  <system-out/>
  <testcase classname="RoyalCaninTestClass.loginTest" name="mobileNumber" time="11.309"/>
  <system-out/>
  <testcase classname="RoyalCaninTestClass.loginTest" name="sendOTP" time="0.003"/>
  <system-out/>
  <testcase classname="RoyalCaninTestClass.loginTest" name="enterOTP" time="6.755"/>
  <system-out/>
  <testcase classname="RoyalCaninTestClass.loginTest" name="enterOTP" time="2.884"/>
  <system-out/>
  <testcase classname="RoyalCaninTestClass.loginTest" name="enterOTP" time="3.428"/>
  <system-out/>
  <testcase classname="RoyalCaninTestClass.loginTest" name="enterOTP" time="3.881"/>
  <system-out/>
  <testcase classname="RoyalCaninTestClass.loginTest" name="enterOTP" time="20.771"/>
  <system-out/>
  <testcase classname="RoyalCaninTestClass.loginTest" name="enterOTP" time="30.139"/>
  <system-out/>
  <testcase classname="RoyalCaninTestClass.loginTest" name="submit" time="0.003"/>
  <system-out/>
</testsuite> <!-- RoyalCaninTestClass.loginTest -->
