<?xml version="1.0" encoding="UTF-8"?>
<!-- Generated by org.testng.reporters.JUnitReportReporter -->
<testsuite hostname="L-270331" failures="0" tests="6" name="RoyalCaninTestClass.Redeem_Food_CouponTest" time="16.229" errors="0" timestamp="2024-05-12T13:07:53 IST" skipped="0">
  <testcase classname="RoyalCaninTestClass.Redeem_Food_CouponTest" name="Redeem_Food_Coupon" time="0.954"/>
  <system-out/>
  <testcase classname="RoyalCaninTestClass.Redeem_Food_CouponTest" name="Mobile_Number" time="7.591"/>
  <system-out/>
  <testcase classname="RoyalCaninTestClass.Redeem_Food_CouponTest" name="Coupon_Code" time="2.083"/>
  <system-out/>
  <testcase classname="RoyalCaninTestClass.Redeem_Food_CouponTest" name="products" time="2.412"/>
  <system-out/>
  <testcase classname="RoyalCaninTestClass.Redeem_Food_CouponTest" name="OK" time="0.945"/>
  <system-out/>
  <testcase classname="RoyalCaninTestClass.Redeem_Food_CouponTest" name="getYou_will_get_discount_code_redumption_in" time="2.244"/>
  <system-out/>
</testsuite> <!-- RoyalCaninTestClass.Redeem_Food_CouponTest -->
